<?xml version="1.0" encoding="UTF-8"?>
<testng-results ignored="0" total="1" passed="1" failed="0" skipped="0">
  <reporter-output>
  </reporter-output>
  <suite started-at="2021-07-06T22:39:28 IST" name="Default suite" finished-at="2021-07-06T22:40:58 IST" duration-ms="90581">
    <groups>
    </groups>
    <test started-at="2021-07-06T22:39:28 IST" name="Default test" finished-at="2021-07-06T22:40:58 IST" duration-ms="90581">
      <class name="Testcases.componentTest">
        <test-method signature="compTest()[pri:0, instance:Testcases.componentTest@59af0466]" started-at="2021-07-06T22:39:28 IST" name="compTest" finished-at="2021-07-06T22:40:58 IST" duration-ms="90536" status="PASS">
          <reporter-output>
          </reporter-output>
        </test-method> <!-- compTest -->
      </class> <!-- Testcases.componentTest -->
    </test> <!-- Default test -->
  </suite> <!-- Default suite -->
</testng-results>
