<?xml version="1.0" encoding="UTF-8"?>
<testng-results ignored="0" total="1" passed="1" failed="0" skipped="0">
  <reporter-output>
  </reporter-output>
  <suite started-at="2021-07-08T10:36:47 IST" name="Default suite" finished-at="2021-07-08T10:37:36 IST" duration-ms="48936">
    <groups>
    </groups>
    <test started-at="2021-07-08T10:36:47 IST" name="Default test" finished-at="2021-07-08T10:37:36 IST" duration-ms="48936">
      <class name="Testcases.formTest">
        <test-method signature="formFillTest()[pri:0, instance:Testcases.formTest@2accdbb5]" started-at="2021-07-08T10:36:47 IST" name="formFillTest" finished-at="2021-07-08T10:37:36 IST" duration-ms="48898" status="PASS">
          <reporter-output>
          </reporter-output>
        </test-method> <!-- formFillTest -->
      </class> <!-- Testcases.formTest -->
    </test> <!-- Default test -->
  </suite> <!-- Default suite -->
</testng-results>
